[2019-03-15 21:22:21,101]-[logger.py]-INFO:=====启动图接口测试开始=====
[2019-03-15 21:22:21,119]-[logger.py]-INFO:=====开门接口测试开始=====
[2019-03-15 21:22:21,128]-[logger.py]-INFO:=====会议室接口测试开始=====
[2019-03-15 21:22:21,131]-[logger.py]-INFO:=====首页空间、定位接口测试开始=====
[2019-03-15 21:22:21,144]-[logger.py]-INFO:======官网显示数据接口测试开始======
[2019-03-15 21:22:21,151]-[logger.py]-INFO:======密码登录接口测试开始======
[2019-03-15 21:22:21,152]-[logger.py]-INFO:======验证码登录接口测试开始======
[2019-03-15 21:22:21,154]-[logger.py]-INFO:***启动图接口测试***
[2019-03-15 21:22:21,358]-[logger.py]-INFO:=====启动图接口测试结束=====
[2019-03-15 21:22:21,359]-[logger.py]-INFO:***个人门禁权限列表接口测试***
[2019-03-15 21:22:21,764]-[logger.py]-INFO:***设置常用门接口测试***
[2019-03-15 21:22:22,233]-[logger.py]-INFO:***取消常用门接口测试***
[2019-03-15 21:22:22,643]-[logger.py]-INFO:***关闭急速开门接口测试***
[2019-03-15 21:22:23,033]-[logger.py]-INFO:***开启急速开门接口测试***
[2019-03-15 21:22:23,428]-[logger.py]-INFO:***个人门禁钥匙获取接口测试***
[2019-03-15 21:22:23,827]-[logger.py]-INFO:***会议室详情接口测试***
[2019-03-15 21:22:24,020]-[logger.py]-INFO:***会议室列表接口测试***
[2019-03-15 21:22:24,452]-[logger.py]-INFO:***会议室带条件快速筛选列表接口测试***
[2019-03-15 21:22:24,648]-[logger.py]-INFO:***会议室筛选参数信息获取接口测试***
[2019-03-15 21:22:24,991]-[logger.py]-INFO:***预定会议室接口-未登录接口测试***
[2019-03-15 21:22:25,162]-[logger.py]-INFO:***预定会议室接口-预定已过时间的会议室接口测试***
[2019-03-15 21:22:25,573]-[logger.py]-INFO:***预定会议室接口-已登陆正常预定测试***
[2019-03-15 21:22:25,992]-[logger.py]-INFO:***会议室订单选择优惠券金额计算接口测试***
[2019-03-15 21:22:26,196]-[logger.py]-INFO:***获取会议室订单可用优惠券接口测试***
[2019-03-15 21:22:26,377]-[logger.py]-INFO:***会议室订单支付接口***
[2019-03-15 21:22:26,379]-[logger.py]-INFO:***会议室支付订单信息接口测试***
[2019-03-15 21:22:26,568]-[logger.py]-INFO:***获取空间列表接口测试***
[2019-03-15 21:22:26,769]-[logger.py]-INFO:=====首页空间、定位接口测试结束=====
[2019-03-15 21:22:26,770]-[logger.py]-INFO:***首页空间定位接口测试***
[2019-03-15 21:22:26,947]-[logger.py]-INFO:***官网预约后完善信息接口测试***
[2019-03-15 21:22:27,150]-[logger.py]-INFO:***官网核心创始人接口测试***
[2019-03-15 21:22:27,323]-[logger.py]-INFO:***官网新闻列表接口测试***
[2019-03-15 21:22:27,510]-[logger.py]-INFO:***官网空间菜单分类列表接口测试***
[2019-03-15 21:22:27,677]-[logger.py]-INFO:***官网新闻列表接口测试***
[2019-03-15 21:22:28,580]-[logger.py]-INFO:***官网新闻详情接口测试***
[2019-03-15 21:22:28,747]-[logger.py]-INFO:***官网预约的空间接口测试***
[2019-03-15 21:22:28,905]-[logger.py]-INFO:***官网空间信息列表接口测试***
[2019-03-15 21:22:30,917]-[logger.py]-INFO:***官网会员专属模块的公司信息接口测试***
[2019-03-15 21:22:33,326]-[logger.py]-INFO:***正确验证码登录***
[2019-03-15 21:22:33,712]-[logger.py]-INFO:***手机号错误登录***
[2019-03-15 21:22:34,092]-[logger.py]-INFO:***request_id参数为空***
[2019-03-15 21:22:34,434]-[logger.py]-INFO:======验证码登录接口测试结束======
[2019-03-15 21:22:34,434]-[logger.py]-INFO:***正确密码登录***
[2019-03-15 21:22:34,852]-[logger.py]-INFO:***密码错误登录***
[2019-03-15 21:22:35,219]-[logger.py]-INFO:***手机号未注册登录***
[2019-03-15 21:22:35,611]-[logger.py]-INFO:***手机号错误登录***
[2019-03-15 21:22:36,003]-[logger.py]-INFO:======密码登录接口测试结束======
